<?xml version="1.0" encoding="UTF-8"?>
<!-- Generated by org.testng.reporters.JUnitXMLReporter -->
<testsuite hostname="DESKTOP-6AJ6795" ignored="0" name="Test" tests="7" failures="1" timestamp="30 Jun 2021 06:32:41 GMT" time="353.973" errors="0">
  <testcase name="login" time="34.771" classname="admilPanelTestCase.logintest"/>
  <testcase name="verfytitle" time="0.311" classname="admilPanelTestCase.logintest"/>
  <testcase name="verifylogo" time="0.921" classname="admilPanelTestCase.logintest"/>
  <testcase name="clickfrontoffice" time="12.134" classname="admilPanelTestCase.dashboardtest"/>
  <testcase name="verifyprofileName" time="2.168" classname="admilPanelTestCase.dashboardtest"/>
  <testcase name="front_office" time="17.617" classname="admilPanelTestCase.frontofficpagetest"/>
  <testcase name="verifypageVistList" time="1.92" classname="admilPanelTestCase.visitorbooktest">
    <failure type="java.lang.AssertionError" message="expected [true] but found [false]">
      <![CDATA[java.lang.AssertionError: expected [true] but found [false]
	at admilPanelTestCase.visitorbooktest.verifypageVistList(visitorbooktest.java:46)
... Removed 29 stack frames]]>
    </failure>
  </testcase> <!-- verifypageVistList -->
</testsuite> <!-- Test -->
